# JRE version: OpenJDK Runtime Environment Temurin-17.0.6+10 (17.0.6+10) (build 17.0.6+10)
# Java VM: OpenJDK 64-Bit Server VM Temurin-17.0.6+10 (17.0.6+10, mixed mode, tiered, compressed oops, compressed class ptrs, parallel gc, windows-amd64)
GC Precious Log:
 CPUs: 4 total, 4 available
 Memory: 12055M
 Large Page Support: Disabled
 NUMA Support: Disabled
 Compressed Oops: Enabled (32-bit)
 Alignments: Space 512K, Generation 512K, Heap 2M
 Heap Min Capacity: 100M
 Heap Initial Capacity: 100M
 Heap Max Capacity: 1G
 Pre-touch: Disabled
 Parallel Workers: 4
Heap:
 PSYoungGen      total 129536K, used 129534K [0x00000000eab00000, 0x00000000f8880000, 0x0000000100000000)
  eden space 31744K, 100% used [0x00000000eab00000,0x00000000eca00000,0x00000000eca00000)
  from space 97792K, 99% used [0x00000000f2900000,0x00000000f887f8c8,0x00000000f8880000)
  to   space 97280K, 9% used [0x00000000eca00000,0x00000000ed2bb520,0x00000000f2900000)
 ParOldGen       total 699392K, used 566577K [0x00000000c0000000, 0x00000000eab00000, 0x00000000eab00000)
  object space 699392K, 81% used [0x00000000c0000000,0x00000000e294e5b0,0x00000000eab00000)
 Metaspace       used 85817K, committed 86912K, reserved 1130496K
  class space    used 8398K, committed 8896K, reserved 1048576K
GC Heap History (20 events):
Event: 9999.573 GC heap before
{Heap before GC invocations=3876 (full 444):
 PSYoungGen      total 64000K, used 63544K [0x00000000eab00000, 0x00000000f1280000, 0x0000000100000000)
  eden space 22528K, 100% used [0x00000000eab00000,0x00000000ec100000,0x00000000ec100000)
  from space 41472K, 98% used [0x00000000eea00000,0x00000000f120e3d8,0x00000000f1280000)
  to   space 41472K, 0% used [0x00000000ec180000,0x00000000ec180000,0x00000000eea00000)
 ParOldGen       total 699392K, used 484879K [0x00000000c0000000, 0x00000000eab00000, 0x00000000eab00000)
  object space 699392K, 69% used [0x00000000c0000000,0x00000000dd983f78,0x00000000eab00000)
 Metaspace       used 85814K, committed 86912K, reserved 1130496K
  class space    used 8398K, committed 8896K, reserved 1048576K
}
Event: 9999.599 GC heap after
{Heap after GC invocations=3876 (full 444):
 PSYoungGen      total 64512K, used 41466K [0x00000000eab00000, 0x00000000f3080000, 0x0000000100000000)
  eden space 23040K, 0% used [0x00000000eab00000,0x00000000eab00000,0x00000000ec180000)
  from space 41472K, 99% used [0x00000000ec180000,0x00000000ee9fea90,0x00000000eea00000)
  to   space 56320K, 0% used [0x00000000ef980000,0x00000000ef980000,0x00000000f3080000)
 ParOldGen       total 699392K, used 497293K [0x00000000c0000000, 0x00000000eab00000, 0x00000000eab00000)
  object space 699392K, 71% used [0x00000000c0000000,0x00000000de5a3558,0x00000000eab00000)
 Metaspace       used 85814K, committed 86912K, reserved 1130496K
  class space    used 8398K, committed 8896K, reserved 1048576K
}
Event: 9999.793 GC heap before
{Heap before GC invocations=3877 (full 444):
 PSYoungGen      total 64512K, used 64506K [0x00000000eab00000, 0x00000000f3080000, 0x0000000100000000)
  eden space 23040K, 100% used [0x00000000eab00000,0x00000000ec180000,0x00000000ec180000)
  from space 41472K, 99% used [0x00000000ec180000,0x00000000ee9fea90,0x00000000eea00000)
  to   space 56320K, 0% used [0x00000000ef980000,0x00000000ef980000,0x00000000f3080000)
 ParOldGen       total 699392K, used 497293K [0x00000000c0000000, 0x00000000eab00000, 0x00000000eab00000)
  object space 699392K, 71% used [0x00000000c0000000,0x00000000de5a3558,0x00000000eab00000)
 Metaspace       used 85814K, committed 86912K, reserved 1130496K
  class space    used 8398K, committed 8896K, reserved 1048576K
}
Event: 9999.821 GC heap after
{Heap after GC invocations=3877 (full 444):
 PSYoungGen      total 79360K, used 54531K [0x00000000eab00000, 0x00000000f2f00000, 0x0000000100000000)
  eden space 24576K, 0% used [0x00000000eab00000,0x00000000eab00000,0x00000000ec300000)
  from space 54784K, 99% used [0x00000000ef980000,0x00000000f2ec0ca0,0x00000000f2f00000)
  to   space 55296K, 0% used [0x00000000ec300000,0x00000000ec300000,0x00000000ef900000)
 ParOldGen       total 699392K, used 497826K [0x00000000c0000000, 0x00000000eab00000, 0x00000000eab00000)
  object space 699392K, 71% used [0x00000000c0000000,0x00000000de628820,0x00000000eab00000)
 Metaspace       used 85814K, committed 86912K, reserved 1130496K
  class space    used 8398K, committed 8896K, reserved 1048576K
}
Event: 9999.945 GC heap before
{Heap before GC invocations=3878 (full 444):
 PSYoungGen      total 79360K, used 79107K [0x00000000eab00000, 0x00000000f2f00000, 0x0000000100000000)
  eden space 24576K, 100% used [0x00000000eab00000,0x00000000ec300000,0x00000000ec300000)
  from space 54784K, 99% used [0x00000000ef980000,0x00000000f2ec0ca0,0x00000000f2f00000)
  to   space 55296K, 0% used [0x00000000ec300000,0x00000000ec300000,0x00000000ef900000)
 ParOldGen       total 699392K, used 497826K [0x00000000c0000000, 0x00000000eab00000, 0x00000000eab00000)
  object space 699392K, 71% used [0x00000000c0000000,0x00000000de628820,0x00000000eab00000)
 Metaspace       used 85814K, committed 86912K, reserved 1130496K
  class space    used 8398K, committed 8896K, reserved 1048576K
}
Event: 9999.974 GC heap after
{Heap after GC invocations=3878 (full 444):
 PSYoungGen      total 79872K, used 55270K [0x00000000eab00000, 0x00000000f4f80000, 0x0000000100000000)
  eden space 24576K, 0% used [0x00000000eab00000,0x00000000eab00000,0x00000000ec300000)
  from space 55296K, 99% used [0x00000000ec300000,0x00000000ef8f9ac8,0x00000000ef900000)
  to   space 71168K, 0% used [0x00000000f0a00000,0x00000000f0a00000,0x00000000f4f80000)
 ParOldGen       total 699392K, used 510921K [0x00000000c0000000, 0x00000000eab00000, 0x00000000eab00000)
  object space 699392K, 73% used [0x00000000c0000000,0x00000000df2f25f0,0x00000000eab00000)
 Metaspace       used 85814K, committed 86912K, reserved 1130496K
  class space    used 8398K, committed 8896K, reserved 1048576K
}
Event: 10000.111 GC heap before
{Heap before GC invocations=3879 (full 444):
 PSYoungGen      total 79872K, used 79846K [0x00000000eab00000, 0x00000000f4f80000, 0x0000000100000000)
  eden space 24576K, 100% used [0x00000000eab00000,0x00000000ec300000,0x00000000ec300000)
  from space 55296K, 99% used [0x00000000ec300000,0x00000000ef8f9ac8,0x00000000ef900000)
  to   space 71168K, 0% used [0x00000000f0a00000,0x00000000f0a00000,0x00000000f4f80000)
 ParOldGen       total 699392K, used 510921K [0x00000000c0000000, 0x00000000eab00000, 0x00000000eab00000)
  object space 699392K, 73% used [0x00000000c0000000,0x00000000df2f25f0,0x00000000eab00000)
 Metaspace       used 85815K, committed 86912K, reserved 1130496K
  class space    used 8398K, committed 8896K, reserved 1048576K
}
Event: 10000.155 GC heap after
{Heap after GC invocations=3879 (full 444):
 PSYoungGen      total 96256K, used 69453K [0x00000000eab00000, 0x00000000f4e80000, 0x0000000100000000)
  eden space 26112K, 0% used [0x00000000eab00000,0x00000000eab00000,0x00000000ec480000)
  from space 70144K, 99% used [0x00000000f0a00000,0x00000000f4dd3738,0x00000000f4e80000)
  to   space 70656K, 0% used [0x00000000ec480000,0x00000000ec480000,0x00000000f0980000)
 ParOldGen       total 699392K, used 510953K [0x00000000c0000000, 0x00000000eab00000, 0x00000000eab00000)
  object space 699392K, 73% used [0x00000000c0000000,0x00000000df2fa5f0,0x00000000eab00000)
 Metaspace       used 85815K, committed 86912K, reserved 1130496K
  class space    used 8398K, committed 8896K, reserved 1048576K
}
Event: 10000.355 GC heap before
{Heap before GC invocations=3880 (full 444):
 PSYoungGen      total 96256K, used 95565K [0x00000000eab00000, 0x00000000f4e80000, 0x0000000100000000)
  eden space 26112K, 100% used [0x00000000eab00000,0x00000000ec480000,0x00000000ec480000)
  from space 70144K, 99% used [0x00000000f0a00000,0x00000000f4dd3738,0x00000000f4e80000)
  to   space 70656K, 0% used [0x00000000ec480000,0x00000000ec480000,0x00000000f0980000)
 ParOldGen       total 699392K, used 510953K [0x00000000c0000000, 0x00000000eab00000, 0x00000000eab00000)
  object space 699392K, 73% used [0x00000000c0000000,0x00000000df2fa5f0,0x00000000eab00000)
 Metaspace       used 85815K, committed 86912K, reserved 1130496K
  class space    used 8398K, committed 8896K, reserved 1048576K
}
Event: 10000.392 GC heap after
{Heap after GC invocations=3880 (full 444):
 PSYoungGen      total 96768K, used 70634K [0x00000000eab00000, 0x00000000f7180000, 0x0000000100000000)
  eden space 26112K, 0% used [0x00000000eab00000,0x00000000eab00000,0x00000000ec480000)
  from space 70656K, 99% used [0x00000000ec480000,0x00000000f097a9e8,0x00000000f0980000)
  to   space 87552K, 0% used [0x00000000f1c00000,0x00000000f1c00000,0x00000000f7180000)
 ParOldGen       total 699392K, used 524691K [0x00000000c0000000, 0x00000000eab00000, 0x00000000eab00000)
  object space 699392K, 75% used [0x00000000c0000000,0x00000000e0064df0,0x00000000eab00000)
 Metaspace       used 85815K, committed 86912K, reserved 1130496K
  class space    used 8398K, committed 8896K, reserved 1048576K
}
Event: 10000.518 GC heap before
{Heap before GC invocations=3881 (full 444):
 PSYoungGen      total 96768K, used 96746K [0x00000000eab00000, 0x00000000f7180000, 0x0000000100000000)
  eden space 26112K, 100% used [0x00000000eab00000,0x00000000ec480000,0x00000000ec480000)
  from space 70656K, 99% used [0x00000000ec480000,0x00000000f097a9e8,0x00000000f0980000)
  to   space 87552K, 0% used [0x00000000f1c00000,0x00000000f1c00000,0x00000000f7180000)
 ParOldGen       total 699392K, used 524691K [0x00000000c0000000, 0x00000000eab00000, 0x00000000eab00000)
  object space 699392K, 75% used [0x00000000c0000000,0x00000000e0064df0,0x00000000eab00000)
 Metaspace       used 85815K, committed 86912K, reserved 1130496K
  class space    used 8398K, committed 8896K, reserved 1048576K
}
Event: 10000.567 GC heap after
{Heap after GC invocations=3881 (full 444):
 PSYoungGen      total 110592K, used 82384K [0x00000000eab00000, 0x00000000f6c80000, 0x0000000100000000)
  eden space 28160K, 0% used [0x00000000eab00000,0x00000000eab00000,0x00000000ec680000)
  from space 82432K, 99% used [0x00000000f1c00000,0x00000000f6c74300,0x00000000f6c80000)
  to   space 83456K, 0% used [0x00000000ec980000,0x00000000ec980000,0x00000000f1b00000)
 ParOldGen       total 699392K, used 524723K [0x00000000c0000000, 0x00000000eab00000, 0x00000000eab00000)
  object space 699392K, 75% used [0x00000000c0000000,0x00000000e006cdf0,0x00000000eab00000)
 Metaspace       used 85815K, committed 86912K, reserved 1130496K
  class space    used 8398K, committed 8896K, reserved 1048576K
}
Event: 10000.731 GC heap before
{Heap before GC invocations=3882 (full 444):
 PSYoungGen      total 110592K, used 110544K [0x00000000eab00000, 0x00000000f6c80000, 0x0000000100000000)
  eden space 28160K, 100% used [0x00000000eab00000,0x00000000ec680000,0x00000000ec680000)
  from space 82432K, 99% used [0x00000000f1c00000,0x00000000f6c74300,0x00000000f6c80000)
  to   space 83456K, 0% used [0x00000000ec980000,0x00000000ec980000,0x00000000f1b00000)
 ParOldGen       total 699392K, used 524723K [0x00000000c0000000, 0x00000000eab00000, 0x00000000eab00000)
  object space 699392K, 75% used [0x00000000c0000000,0x00000000e006cdf0,0x00000000eab00000)
 Metaspace       used 85817K, committed 86912K, reserved 1130496K
  class space    used 8398K, committed 8896K, reserved 1048576K
}
Event: 10000.781 GC heap after
{Heap after GC invocations=3882 (full 444):
 PSYoungGen      total 113664K, used 83437K [0x00000000eab00000, 0x00000000f8980000, 0x0000000100000000)
  eden space 30208K, 0% used [0x00000000eab00000,0x00000000eab00000,0x00000000ec880000)
  from space 83456K, 99% used [0x00000000ec980000,0x00000000f1afb728,0x00000000f1b00000)
  to   space 98816K, 0% used [0x00000000f2900000,0x00000000f2900000,0x00000000f8980000)
 ParOldGen       total 699392K, used 537490K [0x00000000c0000000, 0x00000000eab00000, 0x00000000eab00000)
  object space 699392K, 76% used [0x00000000c0000000,0x00000000e0ce4b40,0x00000000eab00000)
 Metaspace       used 85817K, committed 86912K, reserved 1130496K
  class space    used 8398K, committed 8896K, reserved 1048576K
}
Event: 10001.118 GC heap before
{Heap before GC invocations=3883 (full 444):
 PSYoungGen      total 113664K, used 113645K [0x00000000eab00000, 0x00000000f8980000, 0x0000000100000000)
  eden space 30208K, 100% used [0x00000000eab00000,0x00000000ec880000,0x00000000ec880000)
  from space 83456K, 99% used [0x00000000ec980000,0x00000000f1afb728,0x00000000f1b00000)
  to   space 98816K, 0% used [0x00000000f2900000,0x00000000f2900000,0x00000000f8980000)
 ParOldGen       total 699392K, used 537490K [0x00000000c0000000, 0x00000000eab00000, 0x00000000eab00000)
  object space 699392K, 76% used [0x00000000c0000000,0x00000000e0ce4b40,0x00000000eab00000)
 Metaspace       used 85817K, committed 86912K, reserved 1130496K
  class space    used 8398K, committed 8896K, reserved 1048576K
}
Event: 10001.184 GC heap after
{Heap after GC invocations=3883 (full 444):
 PSYoungGen      total 129536K, used 96189K [0x00000000eab00000, 0x00000000f8880000, 0x0000000100000000)
  eden space 31744K, 0% used [0x00000000eab00000,0x00000000eab00000,0x00000000eca00000)
  from space 97792K, 98% used [0x00000000f2900000,0x00000000f86ef720,0x00000000f8880000)
  to   space 97280K, 0% used [0x00000000eca00000,0x00000000eca00000,0x00000000f2900000)
 ParOldGen       total 699392K, used 537514K [0x00000000c0000000, 0x00000000eab00000, 0x00000000eab00000)
  object space 699392K, 76% used [0x00000000c0000000,0x00000000e0ceab40,0x00000000eab00000)
 Metaspace       used 85817K, committed 86912K, reserved 1130496K
  class space    used 8398K, committed 8896K, reserved 1048576K
}
Event: 10001.464 GC heap before
{Heap before GC invocations=3884 (full 444):
 PSYoungGen      total 129536K, used 127933K [0x00000000eab00000, 0x00000000f8880000, 0x0000000100000000)
  eden space 31744K, 100% used [0x00000000eab00000,0x00000000eca00000,0x00000000eca00000)
  from space 97792K, 98% used [0x00000000f2900000,0x00000000f86ef720,0x00000000f8880000)
  to   space 97280K, 0% used [0x00000000eca00000,0x00000000eca00000,0x00000000f2900000)
 ParOldGen       total 699392K, used 537514K [0x00000000c0000000, 0x00000000eab00000, 0x00000000eab00000)
  object space 699392K, 76% used [0x00000000c0000000,0x00000000e0ceab40,0x00000000eab00000)
 Metaspace       used 85817K, committed 86912K, reserved 1130496K
  class space    used 8398K, committed 8896K, reserved 1048576K
}
Event: 10001.527 GC heap after
{Heap after GC invocations=3884 (full 444):
 PSYoungGen      total 129024K, used 97260K [0x00000000eab00000, 0x00000000f8880000, 0x0000000100000000)
  eden space 31744K, 0% used [0x00000000eab00000,0x00000000eab00000,0x00000000eca00000)
  from space 97280K, 99% used [0x00000000eca00000,0x00000000f28fb388,0x00000000f2900000)
  to   space 97792K, 0% used [0x00000000f2900000,0x00000000f2900000,0x00000000f8880000)
 ParOldGen       total 699392K, used 552696K [0x00000000c0000000, 0x00000000eab00000, 0x00000000eab00000)
  object space 699392K, 79% used [0x00000000c0000000,0x00000000e1bbe160,0x00000000eab00000)
 Metaspace       used 85817K, committed 86912K, reserved 1130496K
  class space    used 8398K, committed 8896K, reserved 1048576K
}
Event: 10001.683 GC heap before
{Heap before GC invocations=3885 (full 444):
 PSYoungGen      total 129024K, used 129004K [0x00000000eab00000, 0x00000000f8880000, 0x0000000100000000)
  eden space 31744K, 100% used [0x00000000eab00000,0x00000000eca00000,0x00000000eca00000)
  from space 97280K, 99% used [0x00000000eca00000,0x00000000f28fb388,0x00000000f2900000)
  to   space 97792K, 0% used [0x00000000f2900000,0x00000000f2900000,0x00000000f8880000)
 ParOldGen       total 699392K, used 552696K [0x00000000c0000000, 0x00000000eab00000, 0x00000000eab00000)
  object space 699392K, 79% used [0x00000000c0000000,0x00000000e1bbe160,0x00000000eab00000)
 Metaspace       used 85817K, committed 86912K, reserved 1130496K
  class space    used 8398K, committed 8896K, reserved 1048576K
}
Event: 10001.751 GC heap after
{Heap after GC invocations=3885 (full 444):
 PSYoungGen      total 129536K, used 97790K [0x00000000eab00000, 0x00000000f8880000, 0x0000000100000000)
  eden space 31744K, 0% used [0x00000000eab00000,0x00000000eab00000,0x00000000eca00000)
  from space 97792K, 99% used [0x00000000f2900000,0x00000000f887f8c8,0x00000000f8880000)
  to   space 97280K, 0% used [0x00000000eca00000,0x00000000eca00000,0x00000000f2900000)
 ParOldGen       total 699392K, used 563712K [0x00000000c0000000, 0x00000000eab00000, 0x00000000eab00000)
  object space 699392K, 80% used [0x00000000c0000000,0x00000000e26803f0,0x00000000eab00000)
 Metaspace       used 85817K, committed 86912K, reserved 1130496K
  class space    used 8398K, committed 8896K, reserved 1048576K
}

