# JRE version: Java(TM) SE Runtime Environment (17.0.10+11) (build 17.0.10+11-LTS-240)
# Java VM: Java HotSpot(TM) 64-Bit Server VM (17.0.10+11-LTS-240, mixed mode, sharing, tiered, compressed oops, compressed class ptrs, g1 gc, windows-amd64)
GC Precious Log:
 CPUs: 4 total, 4 available
 Memory: 12055M
 Large Page Support: Disabled
 NUMA Support: Disabled
 Compressed Oops: Enabled (Zero based)
 Heap Region Size: 2M
 Heap Min Capacity: 8M
 Heap Initial Capacity: 190M
 Heap Max Capacity: 3014M
 Pre-touch: Disabled
 Parallel Workers: 4
 Concurrent Workers: 1
 Concurrent Refinement Workers: 4
 Periodic GC: Disabled
Heap:
 garbage-first heap   total 286720K, used 838K [0x0000000743a00000, 0x0000000800000000)
  region size 2048K, 1 young (2048K), 1 survivors (2048K)
 Metaspace       used 287K, committed 512K, reserved 1114112K
  class space    used 9K, committed 128K, reserved 1048576K
GC Heap History (19 events):
Event: 0.118 GC heap before
{Heap before GC invocations=0 (full 0):
 garbage-first heap   total 194560K, used 12288K [0x0000000743a00000, 0x0000000800000000)
  region size 2048K, 6 young (12288K), 0 survivors (0K)
 Metaspace       used 286K, committed 512K, reserved 1114112K
  class space    used 9K, committed 128K, reserved 1048576K
}
Event: 0.120 GC heap after
{Heap after GC invocations=1 (full 0):
 garbage-first heap   total 194560K, used 709K [0x0000000743a00000, 0x0000000800000000)
  region size 2048K, 1 young (2048K), 1 survivors (2048K)
 Metaspace       used 286K, committed 512K, reserved 1114112K
  class space    used 9K, committed 128K, reserved 1048576K
}
Event: 0.129 GC heap before
{Heap before GC invocations=1 (full 0):
 garbage-first heap   total 194560K, used 21189K [0x0000000743a00000, 0x0000000800000000)
  region size 2048K, 11 young (22528K), 1 survivors (2048K)
 Metaspace       used 287K, committed 512K, reserved 1114112K
  class space    used 9K, committed 128K, reserved 1048576K
}
Event: 0.130 GC heap after
{Heap after GC invocations=2 (full 0):
 garbage-first heap   total 194560K, used 686K [0x0000000743a00000, 0x0000000800000000)
  region size 2048K, 1 young (2048K), 1 survivors (2048K)
 Metaspace       used 287K, committed 512K, reserved 1114112K
  class space    used 9K, committed 128K, reserved 1048576K
}
Event: 0.192 GC heap before
{Heap before GC invocations=2 (full 0):
 garbage-first heap   total 194560K, used 115374K [0x0000000743a00000, 0x0000000800000000)
  region size 2048K, 57 young (116736K), 1 survivors (2048K)
 Metaspace       used 287K, committed 512K, reserved 1114112K
  class space    used 9K, committed 128K, reserved 1048576K
}
Event: 0.193 GC heap after
{Heap after GC invocations=3 (full 0):
 garbage-first heap   total 194560K, used 769K [0x0000000743a00000, 0x0000000800000000)
  region size 2048K, 1 young (2048K), 1 survivors (2048K)
 Metaspace       used 287K, committed 512K, reserved 1114112K
  class space    used 9K, committed 128K, reserved 1048576K
}
Event: 0.207 GC heap before
{Heap before GC invocations=3 (full 0):
 garbage-first heap   total 194560K, used 113409K [0x0000000743a00000, 0x0000000800000000)
  region size 2048K, 57 young (116736K), 1 survivors (2048K)
 Metaspace       used 287K, committed 512K, reserved 1114112K
  class space    used 9K, committed 128K, reserved 1048576K
}
Event: 0.207 GC heap after
{Heap after GC invocations=4 (full 0):
 garbage-first heap   total 194560K, used 740K [0x0000000743a00000, 0x0000000800000000)
  region size 2048K, 1 young (2048K), 1 survivors (2048K)
 Metaspace       used 287K, committed 512K, reserved 1114112K
  class space    used 9K, committed 128K, reserved 1048576K
}
Event: 0.222 GC heap before
{Heap before GC invocations=4 (full 0):
 garbage-first heap   total 194560K, used 113380K [0x0000000743a00000, 0x0000000800000000)
  region size 2048K, 57 young (116736K), 1 survivors (2048K)
 Metaspace       used 287K, committed 512K, reserved 1114112K
  class space    used 9K, committed 128K, reserved 1048576K
}
Event: 0.223 GC heap after
{Heap after GC invocations=5 (full 0):
 garbage-first heap   total 286720K, used 795K [0x0000000743a00000, 0x0000000800000000)
  region size 2048K, 1 young (2048K), 1 survivors (2048K)
 Metaspace       used 287K, committed 512K, reserved 1114112K
  class space    used 9K, committed 128K, reserved 1048576K
}
Event: 0.282 GC heap before
{Heap before GC invocations=5 (full 0):
 garbage-first heap   total 286720K, used 168731K [0x0000000743a00000, 0x0000000800000000)
  region size 2048K, 84 young (172032K), 1 survivors (2048K)
 Metaspace       used 287K, committed 512K, reserved 1114112K
  class space    used 9K, committed 128K, reserved 1048576K
}
Event: 0.283 GC heap after
{Heap after GC invocations=6 (full 0):
 garbage-first heap   total 286720K, used 769K [0x0000000743a00000, 0x0000000800000000)
  region size 2048K, 1 young (2048K), 1 survivors (2048K)
 Metaspace       used 287K, committed 512K, reserved 1114112K
  class space    used 9K, committed 128K, reserved 1048576K
}
Event: 0.298 GC heap before
{Heap before GC invocations=6 (full 0):
 garbage-first heap   total 286720K, used 168705K [0x0000000743a00000, 0x0000000800000000)
  region size 2048K, 84 young (172032K), 1 survivors (2048K)
 Metaspace       used 287K, committed 512K, reserved 1114112K
  class space    used 9K, committed 128K, reserved 1048576K
}
Event: 0.299 GC heap after
{Heap after GC invocations=7 (full 0):
 garbage-first heap   total 286720K, used 791K [0x0000000743a00000, 0x0000000800000000)
  region size 2048K, 1 young (2048K), 1 survivors (2048K)
 Metaspace       used 287K, committed 512K, reserved 1114112K
  class space    used 9K, committed 128K, reserved 1048576K
}
Event: 0.312 GC heap before
{Heap before GC invocations=7 (full 0):
 garbage-first heap   total 286720K, used 168727K [0x0000000743a00000, 0x0000000800000000)
  region size 2048K, 84 young (172032K), 1 survivors (2048K)
 Metaspace       used 287K, committed 512K, reserved 1114112K
  class space    used 9K, committed 128K, reserved 1048576K
}
Event: 0.313 GC heap after
{Heap after GC invocations=8 (full 0):
 garbage-first heap   total 286720K, used 798K [0x0000000743a00000, 0x0000000800000000)
  region size 2048K, 1 young (2048K), 1 survivors (2048K)
 Metaspace       used 287K, committed 512K, reserved 1114112K
  class space    used 9K, committed 128K, reserved 1048576K
}
Event: 0.328 GC heap before
{Heap before GC invocations=8 (full 0):
 garbage-first heap   total 286720K, used 168734K [0x0000000743a00000, 0x0000000800000000)
  region size 2048K, 84 young (172032K), 1 survivors (2048K)
 Metaspace       used 287K, committed 512K, reserved 1114112K
  class space    used 9K, committed 128K, reserved 1048576K
}
Event: 0.329 GC heap after
{Heap after GC invocations=9 (full 0):
 garbage-first heap   total 286720K, used 792K [0x0000000743a00000, 0x0000000800000000)
  region size 2048K, 1 young (2048K), 1 survivors (2048K)
 Metaspace       used 287K, committed 512K, reserved 1114112K
  class space    used 9K, committed 128K, reserved 1048576K
}
Event: 0.342 GC heap before
{Heap before GC invocations=9 (full 0):
 garbage-first heap   total 286720K, used 168728K [0x0000000743a00000, 0x0000000800000000)
  region size 2048K, 84 young (172032K), 1 survivors (2048K)
 Metaspace       used 287K, committed 512K, reserved 1114112K
  class space    used 9K, committed 128K, reserved 1048576K
}

